This is XeTeX, Version 3.141592653-2.6-0.999997 (TeX Live 2025) (preloaded format=xelatex 2025.3.23)  24 MAR 2025 14:51
entering extended mode
 restricted \write18 enabled.
 %&-line parsing enabled.
**google_deep_research_output.tex
(./google_deep_research_output.tex
LaTeX2e <2024-11-01> patch level 2
L3 programming layer <2025-01-18>
! Interruption.
\__str_map_function:nn ...q__str_recursion_tail #2
                                                  \exp_after:wN \str_map_bre...
l.11 
     
You rang?
Try to insert an instruction for me (e.g., `I\showlists'),
unless you just want to quit by typing `X'.

 
Here is how much of TeX's memory you used:
 37 strings out of 475787
 829 string characters out of 5772605
 381221 words of memory out of 5000000
 23083 multiletter control sequences out of 15000+600000
 558837 words of font info for 36 fonts, out of 8000000 for 9000
 36 hyphenation exceptions out of 8191
 25i,0n,37p,126b,17s stack positions out of 10000i,1000n,20000p,200000b,200000s
No pages of output.
